<?xml version="1.0" encoding="UTF-8"?>
<testsuite xmlns:xsi="http://www.w3.org/2001/XMLSchema-instance" xsi:noNamespaceSchemaLocation="https://maven.apache.org/surefire/maven-surefire-plugin/xsd/surefire-test-report-3.0.xsd" version="3.0" name="DAOs.ComputadoraDAOTest" time="1.23" tests="1" errors="0" skipped="0" failures="0">
  <properties>
    <property name="java.specification.version" value="23"/>
    <property name="sun.cpu.isalist" value="amd64"/>
    <property name="sun.jnu.encoding" value="Cp1252"/>
    <property name="java.class.path" value="C:\Users\jalt2\OneDrive\Documentos\GitHub\Proyecto02BDA\Proyecto2_BDA\Proyecto2_BDA_Persistencia\target\test-classes;C:\Users\jalt2\OneDrive\Documentos\GitHub\Proyecto02BDA\Proyecto2_BDA\Proyecto2_BDA_Persistencia\target\classes;C:\Users\jalt2\OneDrive\Documentos\GitHub\Proyecto02BDA\Proyecto2_BDA\Proyecto2BDA_Dominio\target\Proyecto2BDA_Dominio-1.0-SNAPSHOT.jar;C:\Users\jalt2\.m2\repository\org\eclipse\persistence\eclipselink\2.7.12\eclipselink-2.7.12.jar;C:\Users\jalt2\.m2\repository\org\eclipse\persistence\commonj.sdo\2.1.1\commonj.sdo-2.1.1.jar;C:\Users\jalt2\.m2\repository\com\mysql\mysql-connector-j\8.0.33\mysql-connector-j-8.0.33.jar;C:\Users\jalt2\.m2\repository\com\google\protobuf\protobuf-java\3.21.9\protobuf-java-3.21.9.jar;C:\Users\jalt2\.m2\repository\jakarta\persistence\jakarta.persistence-api\2.2.3\jakarta.persistence-api-2.2.3.jar;C:\Users\jalt2\.m2\repository\org\eclipse\persistence\org.eclipse.persistence.core\2.7.12\org.eclipse.persistence.core-2.7.12.jar;C:\Users\jalt2\.m2\repository\org\eclipse\persistence\org.eclipse.persistence.asm\9.4.0\org.eclipse.persistence.asm-9.4.0.jar;C:\Users\jalt2\.m2\repository\org\eclipse\persistence\org.eclipse.persistence.antlr\2.7.12\org.eclipse.persistence.antlr-2.7.12.jar;C:\Users\jalt2\.m2\repository\org\eclipse\persistence\org.eclipse.persistence.jpa\2.7.12\org.eclipse.persistence.jpa-2.7.12.jar;C:\Users\jalt2\.m2\repository\org\eclipse\persistence\org.eclipse.persistence.jpa.jpql\2.7.12\org.eclipse.persistence.jpa.jpql-2.7.12.jar;C:\Users\jalt2\.m2\repository\org\eclipse\persistence\org.eclipse.persistence.moxy\2.7.12\org.eclipse.persistence.moxy-2.7.12.jar;C:\Users\jalt2\.m2\repository\org\eclipse\persistence\jakarta.persistence\2.2.3\jakarta.persistence-2.2.3.jar;C:\Users\jalt2\OneDrive\Documentos\GitHub\Proyecto02BDA\Proyecto2_BDA\Proyecto2_BDA_DTOs\target\Proyecto2_BDA_DTOs-1.0-SNAPSHOT.jar;C:\Users\jalt2\.m2\repository\org\junit\jupiter\junit-jupiter-api\5.10.3\junit-jupiter-api-5.10.3.jar;C:\Users\jalt2\.m2\repository\org\opentest4j\opentest4j\1.3.0\opentest4j-1.3.0.jar;C:\Users\jalt2\.m2\repository\org\junit\platform\junit-platform-commons\1.10.3\junit-platform-commons-1.10.3.jar;C:\Users\jalt2\.m2\repository\org\apiguardian\apiguardian-api\1.1.2\apiguardian-api-1.1.2.jar;C:\Users\jalt2\.m2\repository\org\junit\jupiter\junit-jupiter-params\5.10.3\junit-jupiter-params-5.10.3.jar;C:\Users\jalt2\.m2\repository\org\junit\jupiter\junit-jupiter-engine\5.10.3\junit-jupiter-engine-5.10.3.jar;C:\Users\jalt2\.m2\repository\org\junit\platform\junit-platform-engine\1.10.3\junit-platform-engine-1.10.3.jar;"/>
    <property name="java.vm.vendor" value="Oracle Corporation"/>
    <property name="sun.arch.data.model" value="64"/>
    <property name="user.variant" value=""/>
    <property name="java.vendor.url" value="https://java.oracle.com/"/>
    <property name="user.timezone" value="America/Mazatlan"/>
    <property name="os.name" value="Windows 10"/>
    <property name="java.vm.specification.version" value="23"/>
    <property name="user.country" value="MX"/>
    <property name="sun.java.launcher" value="SUN_STANDARD"/>
    <property name="sun.boot.library.path" value="C:\Program Files\Java\jdk-23\bin"/>
    <property name="sun.java.command" value="C:\Users\jalt2\AppData\Local\Temp\surefire5523281867215828084\surefirebooter-20250624230139783_3.jar C:\Users\jalt2\AppData\Local\Temp\surefire5523281867215828084 2025-06-24T23-01-38_663-jvmRun1 surefire-20250624230139783_1tmp surefire_0-20250624230139783_2tmp"/>
    <property name="jdk.debug" value="release"/>
    <property name="surefire.test.class.path" value="C:\Users\jalt2\OneDrive\Documentos\GitHub\Proyecto02BDA\Proyecto2_BDA\Proyecto2_BDA_Persistencia\target\test-classes;C:\Users\jalt2\OneDrive\Documentos\GitHub\Proyecto02BDA\Proyecto2_BDA\Proyecto2_BDA_Persistencia\target\classes;C:\Users\jalt2\OneDrive\Documentos\GitHub\Proyecto02BDA\Proyecto2_BDA\Proyecto2BDA_Dominio\target\Proyecto2BDA_Dominio-1.0-SNAPSHOT.jar;C:\Users\jalt2\.m2\repository\org\eclipse\persistence\eclipselink\2.7.12\eclipselink-2.7.12.jar;C:\Users\jalt2\.m2\repository\org\eclipse\persistence\commonj.sdo\2.1.1\commonj.sdo-2.1.1.jar;C:\Users\jalt2\.m2\repository\com\mysql\mysql-connector-j\8.0.33\mysql-connector-j-8.0.33.jar;C:\Users\jalt2\.m2\repository\com\google\protobuf\protobuf-java\3.21.9\protobuf-java-3.21.9.jar;C:\Users\jalt2\.m2\repository\jakarta\persistence\jakarta.persistence-api\2.2.3\jakarta.persistence-api-2.2.3.jar;C:\Users\jalt2\.m2\repository\org\eclipse\persistence\org.eclipse.persistence.core\2.7.12\org.eclipse.persistence.core-2.7.12.jar;C:\Users\jalt2\.m2\repository\org\eclipse\persistence\org.eclipse.persistence.asm\9.4.0\org.eclipse.persistence.asm-9.4.0.jar;C:\Users\jalt2\.m2\repository\org\eclipse\persistence\org.eclipse.persistence.antlr\2.7.12\org.eclipse.persistence.antlr-2.7.12.jar;C:\Users\jalt2\.m2\repository\org\eclipse\persistence\org.eclipse.persistence.jpa\2.7.12\org.eclipse.persistence.jpa-2.7.12.jar;C:\Users\jalt2\.m2\repository\org\eclipse\persistence\org.eclipse.persistence.jpa.jpql\2.7.12\org.eclipse.persistence.jpa.jpql-2.7.12.jar;C:\Users\jalt2\.m2\repository\org\eclipse\persistence\org.eclipse.persistence.moxy\2.7.12\org.eclipse.persistence.moxy-2.7.12.jar;C:\Users\jalt2\.m2\repository\org\eclipse\persistence\jakarta.persistence\2.2.3\jakarta.persistence-2.2.3.jar;C:\Users\jalt2\OneDrive\Documentos\GitHub\Proyecto02BDA\Proyecto2_BDA\Proyecto2_BDA_DTOs\target\Proyecto2_BDA_DTOs-1.0-SNAPSHOT.jar;C:\Users\jalt2\.m2\repository\org\junit\jupiter\junit-jupiter-api\5.10.3\junit-jupiter-api-5.10.3.jar;C:\Users\jalt2\.m2\repository\org\opentest4j\opentest4j\1.3.0\opentest4j-1.3.0.jar;C:\Users\jalt2\.m2\repository\org\junit\platform\junit-platform-commons\1.10.3\junit-platform-commons-1.10.3.jar;C:\Users\jalt2\.m2\repository\org\apiguardian\apiguardian-api\1.1.2\apiguardian-api-1.1.2.jar;C:\Users\jalt2\.m2\repository\org\junit\jupiter\junit-jupiter-params\5.10.3\junit-jupiter-params-5.10.3.jar;C:\Users\jalt2\.m2\repository\org\junit\jupiter\junit-jupiter-engine\5.10.3\junit-jupiter-engine-5.10.3.jar;C:\Users\jalt2\.m2\repository\org\junit\platform\junit-platform-engine\1.10.3\junit-platform-engine-1.10.3.jar;"/>
    <property name="sun.cpu.endian" value="little"/>
    <property name="user.home" value="C:\Users\jalt2"/>
    <property name="user.language" value="es"/>
    <property name="java.specification.vendor" value="Oracle Corporation"/>
    <property name="java.version.date" value="2025-01-21"/>
    <property name="java.home" value="C:\Program Files\Java\jdk-23"/>
    <property name="file.separator" value="\"/>
    <property name="basedir" value="C:\Users\jalt2\OneDrive\Documentos\GitHub\Proyecto02BDA\Proyecto2_BDA\Proyecto2_BDA_Persistencia"/>
    <property name="java.vm.compressedOopsMode" value="Zero based"/>
    <property name="line.separator" value="&#10;"/>
    <property name="java.vm.specification.vendor" value="Oracle Corporation"/>
    <property name="java.specification.name" value="Java Platform API Specification"/>
    <property name="surefire.real.class.path" value="C:\Users\jalt2\AppData\Local\Temp\surefire5523281867215828084\surefirebooter-20250624230139783_3.jar"/>
    <property name="user.script" value=""/>
    <property name="sun.management.compiler" value="HotSpot 64-Bit Tiered Compilers"/>
    <property name="java.runtime.version" value="23.0.2+7-58"/>
    <property name="user.name" value="jalt2"/>
    <property name="stdout.encoding" value="Cp1252"/>
    <property name="path.separator" value=";"/>
    <property name="os.version" value="10.0"/>
    <property name="java.runtime.name" value="Java(TM) SE Runtime Environment"/>
    <property name="file.encoding" value="UTF-8"/>
    <property name="java.vm.name" value="Java HotSpot(TM) 64-Bit Server VM"/>
    <property name="maven.ext.class.path" value="C:\Program Files\NetBeans-24\netbeans\java\maven-nblib\netbeans-eventspy.jar"/>
    <property name="localRepository" value="C:\Users\jalt2\.m2\repository"/>
    <property name="java.vendor.url.bug" value="https://bugreport.java.com/bugreport/"/>
    <property name="java.io.tmpdir" value="C:\Users\jalt2\AppData\Local\Temp\"/>
    <property name="java.version" value="23.0.2"/>
    <property name="user.dir" value="C:\Users\jalt2\OneDrive\Documentos\GitHub\Proyecto02BDA\Proyecto2_BDA\Proyecto2_BDA_Persistencia"/>
    <property name="os.arch" value="amd64"/>
    <property name="java.vm.specification.name" value="Java Virtual Machine Specification"/>
    <property name="sun.os.patch.level" value=""/>
    <property name="native.encoding" value="Cp1252"/>
    <property name="java.library.path" value="C:\Program Files\Java\jdk-23\bin;C:\WINDOWS\Sun\Java\bin;C:\WINDOWS\system32;C:\WINDOWS;C:\Program Files\Common Files\Oracle\Java\javapath;C:\Program Files (x86)\Common Files\Oracle\Java\java8path;C:\Program Files (x86)\Common Files\Oracle\Java\javapath;C:\WINDOWS\system32;C:\WINDOWS;C:\WINDOWS\System32\Wbem;C:\WINDOWS\System32\WindowsPowerShell\v1.0\;C:\WINDOWS\System32\OpenSSH\;C:\Program Files\NVIDIA Corporation\NVIDIA NvDLISR;C:\Program Files (x86)\NVIDIA Corporation\PhysX\Common;C:\Users\jalt2\AppData\Local\Microsoft\WindowsApps;C:\Users\jalt2\AppData\Local\Programs\Microsoft VS Code\bin;C:\Users\jalt2\AppData\Local\GitHubDesktop\bin;C:\Program Files\MongoDB\Server\8.0\bin;C:\Program Files\MongoDB\mongosh-2.5.1-win32-x64\bin;;."/>
    <property name="java.vm.info" value="mixed mode, sharing"/>
    <property name="stderr.encoding" value="Cp1252"/>
    <property name="java.vendor" value="Oracle Corporation"/>
    <property name="java.vm.version" value="23.0.2+7-58"/>
    <property name="sun.io.unicode.encoding" value="UnicodeLittle"/>
    <property name="java.class.version" value="67.0"/>
  </properties>
  <testcase name="testAgregarComputadora" classname="DAOs.ComputadoraDAOTest" time="1.206">
    <system-out><![CDATA[[EL Info]: 2025-06-24 23:01:40.796--ServerSession(1105628551)--EclipseLink, version: Eclipse Persistence Services - 2.7.12.v20230209-e5c4074ef3
]]></system-out>
  </testcase>
</testsuite>