<?xml version="1.0" encoding="UTF-8"?>
<testsuite xmlns:xsi="http://www.w3.org/2001/XMLSchema-instance" xsi:noNamespaceSchemaLocation="https://maven.apache.org/surefire/maven-surefire-plugin/xsd/surefire-test-report-3.0.xsd" version="3.0" name="DAOs.ComputadoraDAOTest" time="0.258" tests="2" errors="2" skipped="0" failures="0">
  <properties>
    <property name="java.specification.version" value="23"/>
    <property name="sun.cpu.isalist" value="amd64"/>
    <property name="sun.jnu.encoding" value="Cp1252"/>
    <property name="java.class.path" value="C:\Users\HP\OneDrive\Documents\NetBeansProjects\Proyecto02BDA\Proyecto02BDA\Proyecto2_BDA\Proyecto2_BDA_Persistencia\target\test-classes;C:\Users\HP\OneDrive\Documents\NetBeansProjects\Proyecto02BDA\Proyecto02BDA\Proyecto2_BDA\Proyecto2_BDA_Persistencia\target\classes;C:\Users\HP\OneDrive\Documents\NetBeansProjects\Proyecto02BDA\Proyecto02BDA\Proyecto2_BDA\Proyecto2BDA_Dominio\target\Proyecto2BDA_Dominio-1.0-SNAPSHOT.jar;C:\Users\HP\.m2\repository\org\eclipse\persistence\eclipselink\2.7.12\eclipselink-2.7.12.jar;C:\Users\HP\.m2\repository\org\eclipse\persistence\commonj.sdo\2.1.1\commonj.sdo-2.1.1.jar;C:\Users\HP\.m2\repository\com\mysql\mysql-connector-j\8.0.33\mysql-connector-j-8.0.33.jar;C:\Users\HP\.m2\repository\com\google\protobuf\protobuf-java\3.21.9\protobuf-java-3.21.9.jar;C:\Users\HP\.m2\repository\jakarta\persistence\jakarta.persistence-api\2.2.3\jakarta.persistence-api-2.2.3.jar;C:\Users\HP\.m2\repository\org\eclipse\persistence\org.eclipse.persistence.core\2.7.12\org.eclipse.persistence.core-2.7.12.jar;C:\Users\HP\.m2\repository\org\eclipse\persistence\org.eclipse.persistence.asm\9.4.0\org.eclipse.persistence.asm-9.4.0.jar;C:\Users\HP\.m2\repository\org\eclipse\persistence\org.eclipse.persistence.antlr\2.7.12\org.eclipse.persistence.antlr-2.7.12.jar;C:\Users\HP\.m2\repository\org\eclipse\persistence\org.eclipse.persistence.jpa\2.7.12\org.eclipse.persistence.jpa-2.7.12.jar;C:\Users\HP\.m2\repository\org\eclipse\persistence\org.eclipse.persistence.jpa.jpql\2.7.12\org.eclipse.persistence.jpa.jpql-2.7.12.jar;C:\Users\HP\.m2\repository\org\eclipse\persistence\org.eclipse.persistence.moxy\2.7.12\org.eclipse.persistence.moxy-2.7.12.jar;C:\Users\HP\.m2\repository\org\eclipse\persistence\jakarta.persistence\2.2.3\jakarta.persistence-2.2.3.jar;C:\Users\HP\OneDrive\Documents\NetBeansProjects\Proyecto02BDA\Proyecto02BDA\Proyecto2_BDA\Proyecto2_BDA_DTOs\target\Proyecto2_BDA_DTOs-1.0-SNAPSHOT.jar;C:\Users\HP\.m2\repository\org\junit\jupiter\junit-jupiter-api\5.10.3\junit-jupiter-api-5.10.3.jar;C:\Users\HP\.m2\repository\org\opentest4j\opentest4j\1.3.0\opentest4j-1.3.0.jar;C:\Users\HP\.m2\repository\org\junit\platform\junit-platform-commons\1.10.3\junit-platform-commons-1.10.3.jar;C:\Users\HP\.m2\repository\org\apiguardian\apiguardian-api\1.1.2\apiguardian-api-1.1.2.jar;C:\Users\HP\.m2\repository\org\junit\jupiter\junit-jupiter-params\5.10.3\junit-jupiter-params-5.10.3.jar;C:\Users\HP\.m2\repository\org\junit\jupiter\junit-jupiter-engine\5.10.3\junit-jupiter-engine-5.10.3.jar;C:\Users\HP\.m2\repository\org\junit\platform\junit-platform-engine\1.10.3\junit-platform-engine-1.10.3.jar;"/>
    <property name="java.vm.vendor" value="Oracle Corporation"/>
    <property name="sun.arch.data.model" value="64"/>
    <property name="user.variant" value=""/>
    <property name="java.vendor.url" value="https://java.oracle.com/"/>
    <property name="user.timezone" value="America/Hermosillo"/>
    <property name="os.name" value="Windows 10"/>
    <property name="java.vm.specification.version" value="23"/>
    <property name="user.country" value="419"/>
    <property name="sun.java.launcher" value="SUN_STANDARD"/>
    <property name="sun.boot.library.path" value="C:\Program Files\Java\jdk-23\bin"/>
    <property name="sun.java.command" value="C:\Users\HP\AppData\Local\Temp\surefire7519375416233146157\surefirebooter-20250626153759709_3.jar C:\Users\HP\AppData\Local\Temp\surefire7519375416233146157 2025-06-26T15-37-57_224-jvmRun1 surefire-20250626153759709_1tmp surefire_0-20250626153759709_2tmp"/>
    <property name="jdk.debug" value="release"/>
    <property name="surefire.test.class.path" value="C:\Users\HP\OneDrive\Documents\NetBeansProjects\Proyecto02BDA\Proyecto02BDA\Proyecto2_BDA\Proyecto2_BDA_Persistencia\target\test-classes;C:\Users\HP\OneDrive\Documents\NetBeansProjects\Proyecto02BDA\Proyecto02BDA\Proyecto2_BDA\Proyecto2_BDA_Persistencia\target\classes;C:\Users\HP\OneDrive\Documents\NetBeansProjects\Proyecto02BDA\Proyecto02BDA\Proyecto2_BDA\Proyecto2BDA_Dominio\target\Proyecto2BDA_Dominio-1.0-SNAPSHOT.jar;C:\Users\HP\.m2\repository\org\eclipse\persistence\eclipselink\2.7.12\eclipselink-2.7.12.jar;C:\Users\HP\.m2\repository\org\eclipse\persistence\commonj.sdo\2.1.1\commonj.sdo-2.1.1.jar;C:\Users\HP\.m2\repository\com\mysql\mysql-connector-j\8.0.33\mysql-connector-j-8.0.33.jar;C:\Users\HP\.m2\repository\com\google\protobuf\protobuf-java\3.21.9\protobuf-java-3.21.9.jar;C:\Users\HP\.m2\repository\jakarta\persistence\jakarta.persistence-api\2.2.3\jakarta.persistence-api-2.2.3.jar;C:\Users\HP\.m2\repository\org\eclipse\persistence\org.eclipse.persistence.core\2.7.12\org.eclipse.persistence.core-2.7.12.jar;C:\Users\HP\.m2\repository\org\eclipse\persistence\org.eclipse.persistence.asm\9.4.0\org.eclipse.persistence.asm-9.4.0.jar;C:\Users\HP\.m2\repository\org\eclipse\persistence\org.eclipse.persistence.antlr\2.7.12\org.eclipse.persistence.antlr-2.7.12.jar;C:\Users\HP\.m2\repository\org\eclipse\persistence\org.eclipse.persistence.jpa\2.7.12\org.eclipse.persistence.jpa-2.7.12.jar;C:\Users\HP\.m2\repository\org\eclipse\persistence\org.eclipse.persistence.jpa.jpql\2.7.12\org.eclipse.persistence.jpa.jpql-2.7.12.jar;C:\Users\HP\.m2\repository\org\eclipse\persistence\org.eclipse.persistence.moxy\2.7.12\org.eclipse.persistence.moxy-2.7.12.jar;C:\Users\HP\.m2\repository\org\eclipse\persistence\jakarta.persistence\2.2.3\jakarta.persistence-2.2.3.jar;C:\Users\HP\OneDrive\Documents\NetBeansProjects\Proyecto02BDA\Proyecto02BDA\Proyecto2_BDA\Proyecto2_BDA_DTOs\target\Proyecto2_BDA_DTOs-1.0-SNAPSHOT.jar;C:\Users\HP\.m2\repository\org\junit\jupiter\junit-jupiter-api\5.10.3\junit-jupiter-api-5.10.3.jar;C:\Users\HP\.m2\repository\org\opentest4j\opentest4j\1.3.0\opentest4j-1.3.0.jar;C:\Users\HP\.m2\repository\org\junit\platform\junit-platform-commons\1.10.3\junit-platform-commons-1.10.3.jar;C:\Users\HP\.m2\repository\org\apiguardian\apiguardian-api\1.1.2\apiguardian-api-1.1.2.jar;C:\Users\HP\.m2\repository\org\junit\jupiter\junit-jupiter-params\5.10.3\junit-jupiter-params-5.10.3.jar;C:\Users\HP\.m2\repository\org\junit\jupiter\junit-jupiter-engine\5.10.3\junit-jupiter-engine-5.10.3.jar;C:\Users\HP\.m2\repository\org\junit\platform\junit-platform-engine\1.10.3\junit-platform-engine-1.10.3.jar;"/>
    <property name="sun.cpu.endian" value="little"/>
    <property name="user.home" value="C:\Users\HP"/>
    <property name="user.language" value="es"/>
    <property name="java.specification.vendor" value="Oracle Corporation"/>
    <property name="java.version.date" value="2025-01-21"/>
    <property name="java.home" value="C:\Program Files\Java\jdk-23"/>
    <property name="file.separator" value="\"/>
    <property name="basedir" value="C:\Users\HP\OneDrive\Documents\NetBeansProjects\Proyecto02BDA\Proyecto02BDA\Proyecto2_BDA\Proyecto2_BDA_Persistencia"/>
    <property name="java.vm.compressedOopsMode" value="32-bit"/>
    <property name="line.separator" value="&#10;"/>
    <property name="java.vm.specification.vendor" value="Oracle Corporation"/>
    <property name="java.specification.name" value="Java Platform API Specification"/>
    <property name="surefire.real.class.path" value="C:\Users\HP\AppData\Local\Temp\surefire7519375416233146157\surefirebooter-20250626153759709_3.jar"/>
    <property name="user.script" value=""/>
    <property name="sun.management.compiler" value="HotSpot 64-Bit Tiered Compilers"/>
    <property name="java.runtime.version" value="23.0.2+7-58"/>
    <property name="user.name" value="HP"/>
    <property name="stdout.encoding" value="Cp1252"/>
    <property name="path.separator" value=";"/>
    <property name="os.version" value="10.0"/>
    <property name="java.runtime.name" value="Java(TM) SE Runtime Environment"/>
    <property name="file.encoding" value="UTF-8"/>
    <property name="java.vm.name" value="Java HotSpot(TM) 64-Bit Server VM"/>
    <property name="maven.ext.class.path" value="C:\Program Files\NetBeans-25\netbeans\java\maven-nblib\netbeans-eventspy.jar"/>
    <property name="localRepository" value="C:\Users\HP\.m2\repository"/>
    <property name="java.vendor.url.bug" value="https://bugreport.java.com/bugreport/"/>
    <property name="java.io.tmpdir" value="C:\Users\HP\AppData\Local\Temp\"/>
    <property name="java.version" value="23.0.2"/>
    <property name="user.dir" value="C:\Users\HP\OneDrive\Documents\NetBeansProjects\Proyecto02BDA\Proyecto02BDA\Proyecto2_BDA\Proyecto2_BDA_Persistencia"/>
    <property name="os.arch" value="amd64"/>
    <property name="java.vm.specification.name" value="Java Virtual Machine Specification"/>
    <property name="sun.os.patch.level" value=""/>
    <property name="native.encoding" value="Cp1252"/>
    <property name="java.library.path" value="C:\Program Files\Java\jdk-23\bin;C:\Windows\Sun\Java\bin;C:\Windows\system32;C:\Windows;C:\Program Files\Common Files\Oracle\Java\javapath;C:\Windows\system32;C:\Windows;C:\Windows\System32\Wbem;C:\Windows\System32\WindowsPowerShell\v1.0\;C:\Windows\System32\OpenSSH\;C:\Users\HP\Downloads\apache-maven-3.8.8\bin;C:\Users\HP\AppData\Local\Microsoft\WindowsApps;C:\Users\HP\AppData\Local\GitHubDesktop\bin;."/>
    <property name="java.vm.info" value="mixed mode, sharing"/>
    <property name="stderr.encoding" value="Cp1252"/>
    <property name="java.vendor" value="Oracle Corporation"/>
    <property name="java.vm.version" value="23.0.2+7-58"/>
    <property name="sun.io.unicode.encoding" value="UnicodeLittle"/>
    <property name="java.class.version" value="67.0"/>
  </properties>
  <testcase name="testAgregarComputadora" classname="DAOs.ComputadoraDAOTest" time="0.151">
    <error message="Exception [EclipseLink-4002] (Eclipse Persistence Services - 2.7.12.v20230209-e5c4074ef3): org.eclipse.persistence.exceptions.DatabaseException&#10;Internal Exception: java.sql.SQLException: Access denied for user &apos;root&apos;@&apos;localhost&apos; (using password: NO)&#10;Error Code: 1045" type="javax.persistence.PersistenceException"><![CDATA[javax.persistence.PersistenceException: 
Exception [EclipseLink-4002] (Eclipse Persistence Services - 2.7.12.v20230209-e5c4074ef3): org.eclipse.persistence.exceptions.DatabaseException
Internal Exception: java.sql.SQLException: Access denied for user 'root'@'localhost' (using password: NO)
Error Code: 1045
	at org.eclipse.persistence.internal.jpa.EntityManagerSetupImpl.deploy(EntityManagerSetupImpl.java:854)
	at org.eclipse.persistence.internal.jpa.EntityManagerFactoryDelegate.getAbstractSession(EntityManagerFactoryDelegate.java:222)
	at org.eclipse.persistence.internal.jpa.EntityManagerFactoryDelegate.getDatabaseSession(EntityManagerFactoryDelegate.java:200)
	at org.eclipse.persistence.internal.jpa.EntityManagerFactoryImpl.getDatabaseSession(EntityManagerFactoryImpl.java:542)
	at org.eclipse.persistence.jpa.PersistenceProvider.createEntityManagerFactoryImpl(PersistenceProvider.java:153)
	at org.eclipse.persistence.jpa.PersistenceProvider.createEntityManagerFactory(PersistenceProvider.java:191)
	at javax.persistence.Persistence.createEntityManagerFactory(Persistence.java:80)
	at javax.persistence.Persistence.createEntityManagerFactory(Persistence.java:55)
	at DAOs.LaboratorioDAO.consultarLaboratorioId(LaboratorioDAO.java:67)
	at DAOs.ComputadoraDAOTest.testAgregarComputadora(ComputadoraDAOTest.java:45)
	at java.base/java.lang.reflect.Method.invoke(Method.java:580)
	at java.base/java.util.ArrayList.forEach(ArrayList.java:1597)
	at java.base/java.util.ArrayList.forEach(ArrayList.java:1597)
Caused by: Exception [EclipseLink-4002] (Eclipse Persistence Services - 2.7.12.v20230209-e5c4074ef3): org.eclipse.persistence.exceptions.DatabaseException
Internal Exception: java.sql.SQLException: Access denied for user 'root'@'localhost' (using password: NO)
Error Code: 1045
	at org.eclipse.persistence.exceptions.DatabaseException.sqlException(DatabaseException.java:333)
	at org.eclipse.persistence.exceptions.DatabaseException.sqlException(DatabaseException.java:328)
	at org.eclipse.persistence.sessions.DefaultConnector.connect(DefaultConnector.java:140)
	at org.eclipse.persistence.sessions.DatasourceLogin.connectToDatasource(DatasourceLogin.java:172)
	at org.eclipse.persistence.internal.sessions.DatabaseSessionImpl.setOrDetectDatasource(DatabaseSessionImpl.java:226)
	at org.eclipse.persistence.internal.sessions.DatabaseSessionImpl.loginAndDetectDatasource(DatabaseSessionImpl.java:810)
	at org.eclipse.persistence.internal.jpa.EntityManagerFactoryProvider.login(EntityManagerFactoryProvider.java:261)
	at org.eclipse.persistence.internal.jpa.EntityManagerSetupImpl.deploy(EntityManagerSetupImpl.java:771)
	... 12 more
Caused by: java.sql.SQLException: Access denied for user 'root'@'localhost' (using password: NO)
	at com.mysql.cj.jdbc.exceptions.SQLError.createSQLException(SQLError.java:130)
	at com.mysql.cj.jdbc.exceptions.SQLExceptionsMapping.translateException(SQLExceptionsMapping.java:122)
	at com.mysql.cj.jdbc.ConnectionImpl.createNewIO(ConnectionImpl.java:825)
	at com.mysql.cj.jdbc.ConnectionImpl.<init>(ConnectionImpl.java:446)
	at com.mysql.cj.jdbc.ConnectionImpl.getInstance(ConnectionImpl.java:239)
	at com.mysql.cj.jdbc.NonRegisteringDriver.connect(NonRegisteringDriver.java:188)
	at java.sql/java.sql.DriverManager.getConnection(DriverManager.java:682)
	at java.sql/java.sql.DriverManager.getConnection(DriverManager.java:191)
	at org.eclipse.persistence.sessions.DefaultConnector.connect(DefaultConnector.java:100)
	... 17 more
]]></error>
    <system-out><![CDATA[[EL Info]: 2025-06-26 15:38:02.5--ServerSession(740827140)--EclipseLink, version: Eclipse Persistence Services - 2.7.12.v20230209-e5c4074ef3
[EL Severe]: ejb: 2025-06-26 15:38:02.572--ServerSession(740827140)--Exception [EclipseLink-4002] (Eclipse Persistence Services - 2.7.12.v20230209-e5c4074ef3): org.eclipse.persistence.exceptions.DatabaseException
Internal Exception: java.sql.SQLException: Access denied for user 'root'@'localhost' (using password: NO)
Error Code: 1045
]]></system-out>
  </testcase>
  <testcase name="testConsultarComputadoras" classname="DAOs.ComputadoraDAOTest" time="0.097">
    <error message="Exception [EclipseLink-4002] (Eclipse Persistence Services - 2.7.12.v20230209-e5c4074ef3): org.eclipse.persistence.exceptions.DatabaseException&#10;Internal Exception: java.sql.SQLException: Access denied for user &apos;root&apos;@&apos;localhost&apos; (using password: NO)&#10;Error Code: 1045" type="javax.persistence.PersistenceException"><![CDATA[javax.persistence.PersistenceException: 
Exception [EclipseLink-4002] (Eclipse Persistence Services - 2.7.12.v20230209-e5c4074ef3): org.eclipse.persistence.exceptions.DatabaseException
Internal Exception: java.sql.SQLException: Access denied for user 'root'@'localhost' (using password: NO)
Error Code: 1045
	at org.eclipse.persistence.internal.jpa.EntityManagerSetupImpl.deploy(EntityManagerSetupImpl.java:854)
	at org.eclipse.persistence.internal.jpa.EntityManagerFactoryDelegate.getAbstractSession(EntityManagerFactoryDelegate.java:222)
	at org.eclipse.persistence.internal.jpa.EntityManagerFactoryDelegate.getDatabaseSession(EntityManagerFactoryDelegate.java:200)
	at org.eclipse.persistence.internal.jpa.EntityManagerFactoryImpl.getDatabaseSession(EntityManagerFactoryImpl.java:542)
	at org.eclipse.persistence.jpa.PersistenceProvider.createEntityManagerFactoryImpl(PersistenceProvider.java:153)
	at org.eclipse.persistence.jpa.PersistenceProvider.createEntityManagerFactory(PersistenceProvider.java:191)
	at javax.persistence.Persistence.createEntityManagerFactory(Persistence.java:80)
	at javax.persistence.Persistence.createEntityManagerFactory(Persistence.java:55)
	at DAOs.ComputadoraDAO.consultarComputadoras(ComputadoraDAO.java:45)
	at DAOs.ComputadoraDAOTest.testConsultarComputadoras(ComputadoraDAOTest.java:58)
	at java.base/java.lang.reflect.Method.invoke(Method.java:580)
	at java.base/java.util.ArrayList.forEach(ArrayList.java:1597)
	at java.base/java.util.ArrayList.forEach(ArrayList.java:1597)
Caused by: Exception [EclipseLink-4002] (Eclipse Persistence Services - 2.7.12.v20230209-e5c4074ef3): org.eclipse.persistence.exceptions.DatabaseException
Internal Exception: java.sql.SQLException: Access denied for user 'root'@'localhost' (using password: NO)
Error Code: 1045
	at org.eclipse.persistence.exceptions.DatabaseException.sqlException(DatabaseException.java:333)
	at org.eclipse.persistence.exceptions.DatabaseException.sqlException(DatabaseException.java:328)
	at org.eclipse.persistence.sessions.DefaultConnector.connect(DefaultConnector.java:140)
	at org.eclipse.persistence.sessions.DatasourceLogin.connectToDatasource(DatasourceLogin.java:172)
	at org.eclipse.persistence.internal.sessions.DatabaseSessionImpl.setOrDetectDatasource(DatabaseSessionImpl.java:226)
	at org.eclipse.persistence.internal.sessions.DatabaseSessionImpl.loginAndDetectDatasource(DatabaseSessionImpl.java:810)
	at org.eclipse.persistence.internal.jpa.EntityManagerFactoryProvider.login(EntityManagerFactoryProvider.java:261)
	at org.eclipse.persistence.internal.jpa.EntityManagerSetupImpl.deploy(EntityManagerSetupImpl.java:771)
	... 12 more
Caused by: java.sql.SQLException: Access denied for user 'root'@'localhost' (using password: NO)
	at com.mysql.cj.jdbc.exceptions.SQLError.createSQLException(SQLError.java:130)
	at com.mysql.cj.jdbc.exceptions.SQLExceptionsMapping.translateException(SQLExceptionsMapping.java:122)
	at com.mysql.cj.jdbc.ConnectionImpl.createNewIO(ConnectionImpl.java:825)
	at com.mysql.cj.jdbc.ConnectionImpl.<init>(ConnectionImpl.java:446)
	at com.mysql.cj.jdbc.ConnectionImpl.getInstance(ConnectionImpl.java:239)
	at com.mysql.cj.jdbc.NonRegisteringDriver.connect(NonRegisteringDriver.java:188)
	at java.sql/java.sql.DriverManager.getConnection(DriverManager.java:682)
	at java.sql/java.sql.DriverManager.getConnection(DriverManager.java:191)
	at org.eclipse.persistence.sessions.DefaultConnector.connect(DefaultConnector.java:100)
	... 17 more
]]></error>
    <system-out><![CDATA[[EL Info]: 2025-06-26 15:38:02.62--ServerSession(1005093407)--EclipseLink, version: Eclipse Persistence Services - 2.7.12.v20230209-e5c4074ef3
[EL Severe]: ejb: 2025-06-26 15:38:02.673--ServerSession(1005093407)--Exception [EclipseLink-4002] (Eclipse Persistence Services - 2.7.12.v20230209-e5c4074ef3): org.eclipse.persistence.exceptions.DatabaseException
Internal Exception: java.sql.SQLException: Access denied for user 'root'@'localhost' (using password: NO)
Error Code: 1045
]]></system-out>
  </testcase>
</testsuite>